<?xml version="1.0" encoding="UTF-8"?>
<testsuite xmlns:xsi="http://www.w3.org/2001/XMLSchema-instance" xsi:noNamespaceSchemaLocation="https://maven.apache.org/surefire/maven-surefire-plugin/xsd/surefire-test-report.xsd" version="3.0.2" name="TestSuite" time="11.099" tests="2" errors="0" skipped="0" failures="0">
  <properties>
[...]
</properties>
  <testcase name="runScenario[&quot;&quot;, &quot;Register Account&quot;](1)" classname="cucumber.runners.CucumberRunnerRegistration" time="6.483">
    <system-out><![CDATA[...
... TestNG 7.11.0 by Cédric Beust (cedric@beust.com)
...


Scenario:                                                                                               &amp#27;[90m# feature/registration.feature:6&amp#27;[0m
  &amp#27;[32mGiven &amp#27;[0m&amp#27;[32mThe base url and data to use in this feature is set&amp#27;[0m                                             &amp#27;[90m# cucumber.definitions.RegistrationDefinition.setBaseUrlFromConfig()&amp#27;[0m
Request method:	POST
Request URI:	https://whitesmokehouse.com/webhook/api/register
Proxy:			<none>
Request params:	<none>
Query params:	<none>
Form params:	<none>
Path params:	<none>
Headers:		Accept=*/*
				Content-Type=application/json
Cookies:		<none>
Multiparts:		<none>
Body:
{
    "email": "emailtestgwz6upwmwq@test.com",
    "full_name": "Test Gwz6upWMwq",
    "password": "12345678A$",
    "department": "Finance",
    "phone_number": "072756256880"
}
  &amp#27;[32mWhen &amp#27;[0m&amp#27;[32mRegister account with http &amp#27;[0m&amp#27;[32m&amp#27;[1m"POST"&amp#27;[0m&amp#27;[32m request to &amp#27;[0m&amp#27;[32m&amp#27;[1m"/api/register"&amp#27;[0m&amp#27;[32m with body:&amp#27;[0m                          &amp#27;[90m# cucumber.definitions.RegistrationDefinition.sendRegisterRequest(java.lang.String,java.lang.String,java.lang.String)&amp#27;[0m
    """
    {
      "email": "<email>",
      "full_name": "<full_name>",
      "password": "<password>",
      "department": "<department>",
      "phone_number": "<phone_number>"
    }
    """
  &amp#27;[32mThen &amp#27;[0m&amp#27;[32mThe response register endpoint status must be &amp#27;[0m&amp#27;[32m&amp#27;[1m200&amp#27;[0m                                                &amp#27;[90m# cucumber.definitions.RegistrationDefinition.getRegisterStatusCode(int)&amp#27;[0m
  &amp#27;[32mAnd &amp#27;[0m&amp#27;[32mThe response register api schema should be match with schema &amp#27;[0m&amp#27;[32m&amp#27;[1m"response/RegistrationResponse.json"&amp#27;[0m &amp#27;[90m# cucumber.definitions.RegistrationDefinition.validateRegisterschema(java.lang.String)&amp#27;[0m
  &amp#27;[32mThen &amp#27;[0m&amp#27;[32mMap Register API Response&amp#27;[0m                                                                        &amp#27;[90m# cucumber.definitions.RegistrationDefinition.mapperRegisterResponse()&amp#27;[0m
  &amp#27;[32mThen &amp#27;[0m&amp#27;[32mcheck register api data response&amp#27;[0m                                                                 &amp#27;[90m# cucumber.definitions.RegistrationDefinition.checkRegisterResponseData()&amp#27;[0m
]]></system-out>
    <system-err><![CDATA[SLF4J(W): No SLF4J providers were found.
SLF4J(W): Defaulting to no-operation (NOP) logger implementation
SLF4J(W): See https://www.slf4j.org/codes.html#noProviders for further details.
]]></system-err>
  </testcase>
  <testcase name="runScenario[&quot;&quot;, &quot;Login Account&quot;](1)" classname="cucumber.runners.CucumberRunnerLogin" time="0.768">
    <system-out><![CDATA[
Scenario:                                                                                     &amp#27;[90m# feature/login.feature:7&amp#27;[0m
  &amp#27;[32mGiven &amp#27;[0m&amp#27;[32mPrepare data for login test&amp#27;[0m                                                           &amp#27;[90m# cucumber.definitions.LoginDefinition.setBaseUrlFromConfig()&amp#27;[0m
emailtestgwz6upwmwq@test.com
12345678A$
Request method:	POST
Request URI:	https://whitesmokehouse.com/webhook/api/login
Proxy:			<none>
Request params:	<none>
Query params:	<none>
Form params:	<none>
Path params:	<none>
Headers:		Accept=*/*
				Content-Type=application/json
Cookies:		<none>
Multiparts:		<none>
Body:
{
    "email": "emailtestgwz6upwmwq@test.com",
    "password": "12345678A$"
}
  &amp#27;[32mWhen &amp#27;[0m&amp#27;[32mLogin account with http &amp#27;[0m&amp#27;[32m&amp#27;[1m"POST"&amp#27;[0m&amp#27;[32m request to &amp#27;[0m&amp#27;[32m&amp#27;[1m"/api/login"&amp#27;[0m&amp#27;[32m with body:&amp#27;[0m                      &amp#27;[90m# cucumber.definitions.LoginDefinition.sendLoginRequest(java.lang.String,java.lang.String,java.lang.String)&amp#27;[0m
    """
    {
        "email": "<email>",
        "password": "<password>"
    }
    """
  &amp#27;[32mThen &amp#27;[0m&amp#27;[32mThe response login endpoint status must be &amp#27;[0m&amp#27;[32m&amp#27;[1m200&amp#27;[0m                                         &amp#27;[90m# cucumber.definitions.LoginDefinition.getLoginStatusCode(int)&amp#27;[0m
  &amp#27;[32mAnd &amp#27;[0m&amp#27;[32mThe response login api schema should be match with schema &amp#27;[0m&amp#27;[32m&amp#27;[1m"response/LoginResponse.json"&amp#27;[0m &amp#27;[90m# cucumber.definitions.LoginDefinition.validateLoginSchema(java.lang.String)&amp#27;[0m
]]></system-out>
  </testcase>
</testsuite>