<?xml version="1.0" encoding="UTF-8"?>
<testsuite xmlns:xsi="http://www.w3.org/2001/XMLSchema-instance" xsi:noNamespaceSchemaLocation="https://maven.apache.org/surefire/maven-surefire-plugin/xsd/surefire-test-report.xsd" version="3.0.2" name="TestSuite" time="9.517" tests="4" errors="0" skipped="0" failures="0">
  <properties>
[...]
</properties>
  <testcase name="getAllDepartment" classname="tests.ObjectTest" time="4.816">
    <system-out><![CDATA[...
... TestNG 7.11.0 by Cédric Beust (cedric@beust.com)
...

Running  : Get All Department
Request method:	GET
Request URI:	https://whitesmokehouse.com/webhook/api/department
Proxy:			<none>
Request params:	<none>
Query params:	<none>
Form params:	<none>
Path params:	<none>
Headers:		Authorization=Bearer eyJhbGciOiJIUzI1NiIsInR5cCI6IkpXVCJ9.eyJpZCI6IjEwMyIsImlhdCI6MTc0NzU4NTAyOH0.iFK5uBT6iLoFozWMlMo_XH2eRG33LxAbL1V0iIoxSRo
				Accept=*/*
Cookies:		<none>
Multiparts:		<none>
Body:			<none>
200
]]></system-out>
    <system-err><![CDATA[SLF4J(W): No SLF4J providers were found.
SLF4J(W): Defaulting to no-operation (NOP) logger implementation
SLF4J(W): See https://www.slf4j.org/codes.html#noProviders for further details.
]]></system-err>
  </testcase>
  <testcase name="getListAllObject" classname="tests.ObjectTest" time="0.92">
    <system-out><![CDATA[Running  : Get List All Object
Request method:	GET
Request URI:	https://whitesmokehouse.com/webhook/api/objects
Proxy:			<none>
Request params:	<none>
Query params:	<none>
Form params:	<none>
Path params:	<none>
Headers:		Authorization=Bearer eyJhbGciOiJIUzI1NiIsInR5cCI6IkpXVCJ9.eyJpZCI6IjEwMyIsImlhdCI6MTc0NzU4NTAyOH0.iFK5uBT6iLoFozWMlMo_XH2eRG33LxAbL1V0iIoxSRo
				Accept=*/*
Cookies:		<none>
Multiparts:		<none>
Body:			<none>
200
36
]]></system-out>
  </testcase>
  <testcase name="getListofObjectsById" classname="tests.ObjectTest" time="0.801">
    <system-out><![CDATA[Running  : Get List of Object By Id
Request method:	GET
Request URI:	https://whitesmokehouse.com/webhook/api/objects?id=36
Proxy:			<none>
Request params:	<none>
Query params:	<none>
Form params:	<none>
Path params:	<none>
Headers:		Authorization=Bearer eyJhbGciOiJIUzI1NiIsInR5cCI6IkpXVCJ9.eyJpZCI6IjEwMyIsImlhdCI6MTc0NzU4NTAyOH0.iFK5uBT6iLoFozWMlMo_XH2eRG33LxAbL1V0iIoxSRo
				Accept=*/*
Cookies:		<none>
Multiparts:		<none>
Body:			<none>
200
]]></system-out>
  </testcase>
  <testcase name="getSingleObject" classname="tests.ObjectTest" time="1.398">
    <system-out><![CDATA[Running  : Get Single Object
Request method:	GET
Request URI:	https://whitesmokehouse.com/webhook/8749129e-f5f7-4ae6-9b03-93be7252443c/api/objects/36
Proxy:			<none>
Request params:	<none>
Query params:	<none>
Form params:	<none>
Path params:	<none>
Headers:		Authorization=Bearer eyJhbGciOiJIUzI1NiIsInR5cCI6IkpXVCJ9.eyJpZCI6IjEwMyIsImlhdCI6MTc0NzU4NTAyOH0.iFK5uBT6iLoFozWMlMo_XH2eRG33LxAbL1V0iIoxSRo
				Accept=*/*
Cookies:		<none>
Multiparts:		<none>
Body:			<none>
200
]]></system-out>
  </testcase>
</testsuite>