<?xml version="1.0" encoding="UTF-8"?>
<testng-results ignored="0" total="2" passed="2" failed="0" skipped="0">
  <reporter-output>
  </reporter-output>
  <suite started-at="2025-05-29T17:44:19 WIB" name="API Testing Cucumber BDD" finished-at="2025-05-29T17:44:27 WIB" duration-ms="8498">
    <groups>
      <group name="cucumber">
        <method signature="AbstractTestNGCucumberTests.runScenario(io.cucumber.testng.PickleWrapper,io.cucumber.testng.FeatureWrapper)[pri:0, instance:cucumber.runners.CucumberRunnerLogin@3e694b3f]" name="runScenario" class="io.cucumber.testng.AbstractTestNGCucumberTests"/>
        <method signature="AbstractTestNGCucumberTests.runScenario(io.cucumber.testng.PickleWrapper,io.cucumber.testng.FeatureWrapper)[pri:0, instance:cucumber.runners.CucumberRunnerRegistration@71d44a3]" name="runScenario" class="io.cucumber.testng.AbstractTestNGCucumberTests"/>
      </group> <!-- cucumber -->
    </groups>
    <test started-at="2025-05-29T17:44:19 WIB" name="All Tests" finished-at="2025-05-29T17:44:27 WIB" duration-ms="8498">
      <class name="cucumber.runners.CucumberRunnerLogin">
        <test-method is-config="true" signature="setUpClass(org.testng.ITestContext)[pri:0, instance:cucumber.runners.CucumberRunnerLogin@3e694b3f]" started-at="2025-05-29T17:44:26 WIB" name="setUpClass" finished-at="2025-05-29T17:44:26 WIB" duration-ms="16" status="PASS">
          <params>
            <param index="0">
              <value>
                <![CDATA[org.testng.TestRunner@76134b9b]]>
              </value>
            </param>
          </params>
          <reporter-output>
          </reporter-output>
        </test-method> <!-- setUpClass -->
        <test-method signature="runScenario(io.cucumber.testng.PickleWrapper,io.cucumber.testng.FeatureWrapper)[pri:0, instance:cucumber.runners.CucumberRunnerLogin@3e694b3f]" started-at="2025-05-29T17:44:26 WIB" name="runScenario" description="Runs Cucumber Scenarios" data-provider="scenarios" finished-at="2025-05-29T17:44:27 WIB" duration-ms="767" status="PASS">
          <params>
            <param index="0">
              <value>
                <![CDATA[""]]>
              </value>
            </param>
            <param index="1">
              <value>
                <![CDATA["Login Account"]]>
              </value>
            </param>
          </params>
          <reporter-output>
          </reporter-output>
        </test-method> <!-- runScenario -->
        <test-method is-config="true" signature="tearDownClass()[pri:0, instance:cucumber.runners.CucumberRunnerLogin@3e694b3f]" started-at="2025-05-29T17:44:27 WIB" name="tearDownClass" finished-at="2025-05-29T17:44:27 WIB" duration-ms="6" status="PASS">
          <reporter-output>
          </reporter-output>
        </test-method> <!-- tearDownClass -->
        <test-method is-config="true" signature="after_suite()[pri:0, instance:cucumber.runners.CucumberRunnerLogin@3e694b3f]" started-at="2025-05-29T17:44:27 WIB" name="after_suite" finished-at="2025-05-29T17:44:28 WIB" duration-ms="1109" status="PASS">
          <reporter-output>
          </reporter-output>
        </test-method> <!-- after_suite -->
      </class> <!-- cucumber.runners.CucumberRunnerLogin -->
      <class name="cucumber.runners.CucumberRunnerRegistration">
        <test-method is-config="true" signature="setUpClass(org.testng.ITestContext)[pri:0, instance:cucumber.runners.CucumberRunnerRegistration@71d44a3]" started-at="2025-05-29T17:44:19 WIB" name="setUpClass" finished-at="2025-05-29T17:44:19 WIB" duration-ms="718" status="PASS">
          <params>
            <param index="0">
              <value>
                <![CDATA[org.testng.TestRunner@76134b9b]]>
              </value>
            </param>
          </params>
          <reporter-output>
          </reporter-output>
        </test-method> <!-- setUpClass -->
        <test-method signature="runScenario(io.cucumber.testng.PickleWrapper,io.cucumber.testng.FeatureWrapper)[pri:0, instance:cucumber.runners.CucumberRunnerRegistration@71d44a3]" started-at="2025-05-29T17:44:19 WIB" name="runScenario" description="Runs Cucumber Scenarios" data-provider="scenarios" finished-at="2025-05-29T17:44:26 WIB" duration-ms="6480" status="PASS">
          <params>
            <param index="0">
              <value>
                <![CDATA[""]]>
              </value>
            </param>
            <param index="1">
              <value>
                <![CDATA["Register Account"]]>
              </value>
            </param>
          </params>
          <reporter-output>
          </reporter-output>
        </test-method> <!-- runScenario -->
        <test-method is-config="true" signature="tearDownClass()[pri:0, instance:cucumber.runners.CucumberRunnerRegistration@71d44a3]" started-at="2025-05-29T17:44:26 WIB" name="tearDownClass" finished-at="2025-05-29T17:44:26 WIB" duration-ms="401" status="PASS">
          <reporter-output>
          </reporter-output>
        </test-method> <!-- tearDownClass -->
        <test-method is-config="true" signature="after_suite()[pri:0, instance:cucumber.runners.CucumberRunnerRegistration@71d44a3]" started-at="2025-05-29T17:44:28 WIB" name="after_suite" finished-at="2025-05-29T17:44:29 WIB" duration-ms="383" status="PASS">
          <reporter-output>
          </reporter-output>
        </test-method> <!-- after_suite -->
      </class> <!-- cucumber.runners.CucumberRunnerRegistration -->
    </test> <!-- All Tests -->
  </suite> <!-- API Testing Cucumber BDD -->
</testng-results>
