<?xml version="1.0" encoding="UTF-8"?>
<testng-results ignored="0" total="4" passed="4" failed="0" skipped="0">
  <reporter-output>
  </reporter-output>
  <suite started-at="2025-05-19T00:16:02 WIB" name="API Testing" finished-at="2025-05-19T00:16:10 WIB" duration-ms="8518">
    <groups>
    </groups>
    <test started-at="2025-05-19T00:16:02 WIB" name="All Tests" finished-at="2025-05-19T00:16:10 WIB" duration-ms="8518">
      <class name="tests.ObjectTest">
        <test-method is-config="true" signature="setTokenData()[pri:0, instance:tests.ObjectTest@4d9e68d0]" started-at="2025-05-19T00:16:02 WIB" name="setTokenData" finished-at="2025-05-19T00:16:02 WIB" duration-ms="505" status="PASS">
          <reporter-output>
          </reporter-output>
        </test-method> <!-- setTokenData -->
        <test-method signature="getAllDepartment()[pri:0, instance:tests.ObjectTest@4d9e68d0]" started-at="2025-05-19T00:16:02 WIB" name="getAllDepartment" description="Get All Department" finished-at="2025-05-19T00:16:07 WIB" duration-ms="4815" status="PASS">
          <reporter-output>
          </reporter-output>
        </test-method> <!-- getAllDepartment -->
        <test-method signature="getListAllObject()[pri:0, instance:tests.ObjectTest@4d9e68d0]" started-at="2025-05-19T00:16:07 WIB" name="getListAllObject" description="Get List All Object" finished-at="2025-05-19T00:16:08 WIB" duration-ms="921" status="PASS">
          <reporter-output>
          </reporter-output>
        </test-method> <!-- getListAllObject -->
        <test-method signature="getListofObjectsById()[pri:0, instance:tests.ObjectTest@4d9e68d0]" started-at="2025-05-19T00:16:08 WIB" name="getListofObjectsById" description="Get List of Object By Id" finished-at="2025-05-19T00:16:09 WIB" duration-ms="800" status="PASS">
          <reporter-output>
          </reporter-output>
        </test-method> <!-- getListofObjectsById -->
        <test-method signature="getSingleObject()[pri:0, instance:tests.ObjectTest@4d9e68d0]" started-at="2025-05-19T00:16:09 WIB" name="getSingleObject" description="Get Single Object" finished-at="2025-05-19T00:16:10 WIB" duration-ms="1398" status="PASS">
          <reporter-output>
          </reporter-output>
        </test-method> <!-- getSingleObject -->
      </class> <!-- tests.ObjectTest -->
    </test> <!-- All Tests -->
  </suite> <!-- API Testing -->
</testng-results>
