<?xml version="1.0" encoding="UTF-8"?>
<!-- Generated by org.testng.reporters.JUnitReportReporter -->
<testsuite hostname="DESKTOP-378T653" failures="0" tests="4" name="tests.ObjectTest" time="7.934" errors="0" timestamp="2025-05-19T00:16:10 WIB" skipped="0">
  <testcase classname="tests.ObjectTest" name="getAllDepartment" time="4.815"/>
  <testcase classname="tests.ObjectTest" name="getSingleObject" time="1.398"/>
  <testcase classname="tests.ObjectTest" name="getListAllObject" time="0.921"/>
  <testcase classname="tests.ObjectTest" name="getListofObjectsById" time="0.800"/>
</testsuite> <!-- tests.ObjectTest -->
